0 verbose cli C:\Program Files\nodejs\node.exe C:\Program Files\nodejs\node_modules\npm\bin\npm-cli.js
1 info using npm@11.12.1
2 info using node@v25.9.0
3 silly config load:file:C:\Program Files\nodejs\node_modules\npm\npmrc
4 silly config load:file:D:\CoreCart\.npmrc
5 silly config load:file:C:\Users\chait\.npmrc
6 silly config load:file:C:\Users\chait\AppData\Roaming\npm\etc\npmrc
7 verbose title npm install
8 verbose argv "install"
9 verbose logfile logs-max:10 dir:d:\CoreCart\.npm-cache\_logs\2026-05-02T16_01_19_132Z-
10 verbose logfile d:\CoreCart\.npm-cache\_logs\2026-05-02T16_01_19_132Z-debug-0.log
11 silly logfile done cleaning log files
12 silly packumentCache heap:4496293888 maxSize:1124073472 maxEntrySize:562036736
13 verbose shrinkwrap failed to load node_modules/.package-lock.json out of date, updated: apps/web
14 silly idealTree buildDeps
15 silly fetch manifest concurrently@^9.1.2
16 silly packumentCache full:http://registry.npmjs.org/concurrently cache-miss
17 http fetch GET 200 https://registry.npmjs.org/concurrently 1424ms (cache miss)
18 silly packumentCache full:http://registry.npmjs.org/concurrently set size:undefined disposed:false
19 silly placeDep ROOT concurrently@9.2.1 OK for: corecart@1.0.0 want: ^9.1.2
20 silly fetch manifest rxjs@7.8.2
21 silly packumentCache full:http://registry.npmjs.org/rxjs cache-miss
22 silly fetch manifest chalk@4.1.2
23 silly packumentCache full:http://registry.npmjs.org/chalk cache-miss
24 silly fetch manifest yargs@17.7.2
25 silly packumentCache full:http://registry.npmjs.org/yargs cache-miss
26 silly fetch manifest tree-kill@1.2.2
27 silly packumentCache full:http://registry.npmjs.org/tree-kill cache-miss
28 silly fetch manifest shell-quote@1.8.3
29 silly packumentCache full:http://registry.npmjs.org/shell-quote cache-miss
30 silly fetch manifest supports-color@8.1.1
31 silly packumentCache full:http://registry.npmjs.org/supports-color cache-miss
32 http fetch GET 200 https://registry.npmjs.org/tree-kill 289ms (cache miss)
33 silly packumentCache full:http://registry.npmjs.org/tree-kill set size:undefined disposed:false
34 http fetch GET 200 https://registry.npmjs.org/shell-quote 292ms (cache miss)
35 silly packumentCache full:http://registry.npmjs.org/shell-quote set size:undefined disposed:false
36 http fetch GET 200 https://registry.npmjs.org/chalk 332ms (cache miss)
37 silly packumentCache full:http://registry.npmjs.org/chalk set size:undefined disposed:false
38 http fetch GET 200 https://registry.npmjs.org/supports-color 332ms (cache miss)
39 silly packumentCache full:http://registry.npmjs.org/supports-color set size:undefined disposed:false
40 http fetch GET 200 https://registry.npmjs.org/rxjs 431ms (cache miss)
41 silly packumentCache full:http://registry.npmjs.org/rxjs set size:undefined disposed:false
42 http fetch GET 200 https://registry.npmjs.org/yargs 442ms (cache miss)
43 silly packumentCache full:http://registry.npmjs.org/yargs set size:undefined disposed:false
44 silly placeDep ROOT chalk@4.1.2 OK for: concurrently@9.2.1 want: 4.1.2
45 silly placeDep ROOT rxjs@7.8.2 OK for: concurrently@9.2.1 want: 7.8.2
46 silly placeDep ROOT shell-quote@1.8.3 OK for: concurrently@9.2.1 want: 1.8.3
47 silly placeDep ROOT supports-color@8.1.1 OK for: concurrently@9.2.1 want: 8.1.1
48 silly placeDep ROOT tree-kill@1.2.2 OK for: concurrently@9.2.1 want: 1.2.2
49 silly placeDep ROOT yargs@17.7.2 OK for: concurrently@9.2.1 want: 17.7.2
50 silly fetch manifest ansi-styles@^4.1.0
51 silly packumentCache full:http://registry.npmjs.org/ansi-styles cache-miss
52 silly fetch manifest supports-color@^7.1.0
53 silly packumentCache full:http://registry.npmjs.org/supports-color cache-miss
54 silly fetch manifest tslib@^2.1.0
55 silly packumentCache full:http://registry.npmjs.org/tslib cache-miss
56 silly fetch manifest has-flag@^4.0.0
57 silly packumentCache full:http://registry.npmjs.org/has-flag cache-miss
58 silly fetch manifest y18n@^5.0.5
59 silly packumentCache full:http://registry.npmjs.org/y18n cache-miss
60 silly fetch manifest cliui@^8.0.1
61 silly packumentCache full:http://registry.npmjs.org/cliui cache-miss
62 silly fetch manifest string-width@^4.2.3
63 silly packumentCache full:http://registry.npmjs.org/string-width cache-miss
64 http cache https://registry.npmjs.org/supports-color 98ms (cache hit)
65 silly packumentCache full:http://registry.npmjs.org/supports-color set size:118680 disposed:false
66 silly fetch manifest yargs-parser@^21.1.1
67 silly packumentCache full:http://registry.npmjs.org/yargs-parser cache-miss
68 http fetch GET 200 https://registry.npmjs.org/has-flag 115ms (cache miss)
69 silly packumentCache full:http://registry.npmjs.org/has-flag set size:undefined disposed:false
70 silly fetch manifest get-caller-file@^2.0.5
71 silly packumentCache full:http://registry.npmjs.org/get-caller-file cache-miss
72 http fetch GET 200 https://registry.npmjs.org/ansi-styles 148ms (cache miss)
73 silly packumentCache full:http://registry.npmjs.org/ansi-styles set size:undefined disposed:false
74 silly fetch manifest require-directory@^2.1.1
75 silly packumentCache full:http://registry.npmjs.org/require-directory cache-miss
76 http fetch GET 200 https://registry.npmjs.org/cliui 152ms (cache miss)
77 silly packumentCache full:http://registry.npmjs.org/cliui set size:undefined disposed:false
78 http fetch GET 200 https://registry.npmjs.org/y18n 158ms (cache miss)
79 silly packumentCache full:http://registry.npmjs.org/y18n set size:undefined disposed:false
80 http fetch GET 200 https://registry.npmjs.org/tslib 160ms (cache miss)
81 silly packumentCache full:http://registry.npmjs.org/tslib set size:undefined disposed:false
82 http fetch GET 200 https://registry.npmjs.org/string-width 160ms (cache miss)
83 silly packumentCache full:http://registry.npmjs.org/string-width set size:undefined disposed:false
84 http fetch GET 200 https://registry.npmjs.org/yargs-parser 133ms (cache miss)
85 silly packumentCache full:http://registry.npmjs.org/yargs-parser set size:undefined disposed:false
86 http fetch GET 200 https://registry.npmjs.org/get-caller-file 136ms (cache miss)
87 silly packumentCache full:http://registry.npmjs.org/get-caller-file set size:undefined disposed:false
88 http fetch GET 200 https://registry.npmjs.org/require-directory 113ms (cache miss)
89 silly packumentCache full:http://registry.npmjs.org/require-directory set size:undefined disposed:false
90 silly placeDep ROOT ansi-styles@4.3.0 OK for: chalk@4.1.2 want: ^4.1.0
91 silly placeDep node_modules/chalk supports-color@7.2.0 OK for: chalk@4.1.2 want: ^7.1.0
92 silly fetch manifest color-convert@^2.0.1
93 silly packumentCache full:http://registry.npmjs.org/color-convert cache-miss
94 http fetch GET 200 https://registry.npmjs.org/color-convert 125ms (cache miss)
95 silly packumentCache full:http://registry.npmjs.org/color-convert set size:undefined disposed:false
96 silly placeDep ROOT color-convert@2.0.1 OK for: ansi-styles@4.3.0 want: ^2.0.1
97 silly fetch manifest color-name@~1.1.4
98 silly packumentCache full:http://registry.npmjs.org/color-name cache-miss
99 http fetch GET 200 https://registry.npmjs.org/color-name 119ms (cache miss)
100 silly packumentCache full:http://registry.npmjs.org/color-name set size:undefined disposed:false
101 silly placeDep ROOT color-name@1.1.4 OK for: color-convert@2.0.1 want: ~1.1.4
102 silly placeDep ROOT tslib@2.8.1 OK for: rxjs@7.8.2 want: ^2.1.0
103 silly placeDep ROOT has-flag@4.0.0 OK for: supports-color@8.1.1 want: ^4.0.0
104 silly placeDep ROOT cliui@8.0.1 OK for: yargs@17.7.2 want: ^8.0.1
105 silly placeDep ROOT get-caller-file@2.0.5 OK for: yargs@17.7.2 want: ^2.0.5
106 silly placeDep ROOT require-directory@2.1.1 OK for: yargs@17.7.2 want: ^2.1.1
107 silly placeDep ROOT string-width@4.2.3 OK for: yargs@17.7.2 want: ^4.2.3
108 silly placeDep ROOT y18n@5.0.8 OK for: yargs@17.7.2 want: ^5.0.5
109 silly placeDep ROOT yargs-parser@21.1.1 OK for: yargs@17.7.2 want: ^21.1.1
110 silly fetch manifest wrap-ansi@^7.0.0
111 silly packumentCache full:http://registry.npmjs.org/wrap-ansi cache-miss
112 silly fetch manifest strip-ansi@^6.0.1
113 silly packumentCache full:http://registry.npmjs.org/strip-ansi cache-miss
114 silly fetch manifest string-width@^4.2.0
115 silly packumentCache full:http://registry.npmjs.org/string-width cache-miss
116 silly fetch manifest strip-ansi@^6.0.1
117 silly packumentCache full:http://registry.npmjs.org/strip-ansi cache-miss
118 silly fetch manifest emoji-regex@^8.0.0
119 silly packumentCache full:http://registry.npmjs.org/emoji-regex cache-miss
120 silly fetch manifest is-fullwidth-code-point@^3.0.0
121 silly packumentCache full:http://registry.npmjs.org/is-fullwidth-code-point cache-miss
122 http cache https://registry.npmjs.org/string-width 70ms (cache hit)
123 silly packumentCache full:http://registry.npmjs.org/string-width set size:70381 disposed:false
124 http fetch GET 200 https://registry.npmjs.org/strip-ansi 116ms (cache miss)
125 silly packumentCache full:http://registry.npmjs.org/strip-ansi set size:undefined disposed:false
126 http fetch GET 200 https://registry.npmjs.org/strip-ansi 126ms (cache miss)
127 silly packumentCache full:http://registry.npmjs.org/strip-ansi set size:undefined disposed:false
128 http fetch GET 200 https://registry.npmjs.org/wrap-ansi 128ms (cache miss)
129 silly packumentCache full:http://registry.npmjs.org/wrap-ansi set size:undefined disposed:false
130 http fetch GET 200 https://registry.npmjs.org/is-fullwidth-code-point 130ms (cache miss)
131 silly packumentCache full:http://registry.npmjs.org/is-fullwidth-code-point set size:undefined disposed:false
132 http fetch GET 200 https://registry.npmjs.org/emoji-regex 132ms (cache miss)
133 silly packumentCache full:http://registry.npmjs.org/emoji-regex set size:undefined disposed:false
134 silly placeDep ROOT strip-ansi@6.0.1 OK for: cliui@8.0.1 want: ^6.0.1
135 silly placeDep ROOT wrap-ansi@7.0.0 OK for: cliui@8.0.1 want: ^7.0.0
136 silly fetch manifest ansi-regex@^5.0.1
137 silly packumentCache full:http://registry.npmjs.org/ansi-regex cache-miss
138 http fetch GET 200 https://registry.npmjs.org/ansi-regex 118ms (cache miss)
139 silly packumentCache full:http://registry.npmjs.org/ansi-regex set size:undefined disposed:false
140 silly placeDep ROOT emoji-regex@8.0.0 OK for: string-width@4.2.3 want: ^8.0.0
141 silly placeDep ROOT is-fullwidth-code-point@3.0.0 OK for: string-width@4.2.3 want: ^3.0.0
142 silly placeDep ROOT ansi-regex@5.0.1 OK for: strip-ansi@6.0.1 want: ^5.0.1
143 silly reify moves {}
144 silly audit bulk request {
144 silly audit   '@babel/code-frame': [ '7.29.0' ],
144 silly audit   '@babel/compat-data': [ '7.29.3' ],
144 silly audit   '@babel/core': [ '7.29.0' ],
144 silly audit   '@babel/generator': [ '7.29.1' ],
144 silly audit   '@babel/helper-compilation-targets': [ '7.28.6' ],
144 silly audit   '@babel/helper-globals': [ '7.28.0' ],
144 silly audit   '@babel/helper-module-imports': [ '7.28.6' ],
144 silly audit   '@babel/helper-module-transforms': [ '7.28.6' ],
144 silly audit   '@babel/helper-plugin-utils': [ '7.28.6' ],
144 silly audit   '@babel/helper-string-parser': [ '7.27.1' ],
144 silly audit   '@babel/helper-validator-identifier': [ '7.28.5' ],
144 silly audit   '@babel/helper-validator-option': [ '7.27.1' ],
144 silly audit   '@babel/helpers': [ '7.29.2' ],
144 silly audit   '@babel/parser': [ '7.29.3' ],
144 silly audit   '@babel/plugin-transform-react-jsx-self': [ '7.27.1' ],
144 silly audit   '@babel/plugin-transform-react-jsx-source': [ '7.27.1' ],
144 silly audit   '@babel/template': [ '7.28.6' ],
144 silly audit   '@babel/traverse': [ '7.29.0' ],
144 silly audit   '@babel/types': [ '7.29.0' ],
144 silly audit   '@esbuild/aix-ppc64': [ '0.27.7', '0.21.5', '0.25.12' ],
144 silly audit   '@esbuild/android-arm': [ '0.27.7', '0.21.5', '0.25.12' ],
144 silly audit   '@esbuild/android-arm64': [ '0.27.7', '0.21.5', '0.25.12' ],
144 silly audit   '@esbuild/android-x64': [ '0.27.7', '0.21.5', '0.25.12' ],
144 silly audit   '@esbuild/darwin-arm64': [ '0.27.7', '0.21.5', '0.25.12' ],
144 silly audit   '@esbuild/darwin-x64': [ '0.27.7', '0.21.5', '0.25.12' ],
144 silly audit   '@esbuild/freebsd-arm64': [ '0.27.7', '0.21.5', '0.25.12' ],
144 silly audit   '@esbuild/freebsd-x64': [ '0.27.7', '0.21.5', '0.25.12' ],
144 silly audit   '@esbuild/linux-arm': [ '0.27.7', '0.21.5', '0.25.12' ],
144 silly audit   '@esbuild/linux-arm64': [ '0.27.7', '0.21.5', '0.25.12' ],
144 silly audit   '@esbuild/linux-ia32': [ '0.27.7', '0.21.5', '0.25.12' ],
144 silly audit   '@esbuild/linux-loong64': [ '0.27.7', '0.21.5', '0.25.12' ],
144 silly audit   '@esbuild/linux-mips64el': [ '0.27.7', '0.21.5', '0.25.12' ],
144 silly audit   '@esbuild/linux-ppc64': [ '0.27.7', '0.21.5', '0.25.12' ],
144 silly audit   '@esbuild/linux-riscv64': [ '0.27.7', '0.21.5', '0.25.12' ],
144 silly audit   '@esbuild/linux-s390x': [ '0.27.7', '0.21.5', '0.25.12' ],
144 silly audit   '@esbuild/linux-x64': [ '0.27.7', '0.21.5', '0.25.12' ],
144 silly audit   '@esbuild/netbsd-arm64': [ '0.27.7', '0.25.12' ],
144 silly audit   '@esbuild/netbsd-x64': [ '0.27.7', '0.21.5', '0.25.12' ],
144 silly audit   '@esbuild/openbsd-arm64': [ '0.27.7', '0.25.12' ],
144 silly audit   '@esbuild/openbsd-x64': [ '0.27.7', '0.21.5', '0.25.12' ],
144 silly audit   '@esbuild/openharmony-arm64': [ '0.27.7', '0.25.12' ],
144 silly audit   '@esbuild/sunos-x64': [ '0.27.7', '0.21.5', '0.25.12' ],
144 silly audit   '@esbuild/win32-arm64': [ '0.27.7', '0.21.5', '0.25.12' ],
144 silly audit   '@esbuild/win32-ia32': [ '0.27.7', '0.21.5', '0.25.12' ],
144 silly audit   '@esbuild/win32-x64': [ '0.27.7', '0.21.5', '0.25.12' ],
144 silly audit   '@ioredis/commands': [ '1.5.1' ],
144 silly audit   '@jridgewell/gen-mapping': [ '0.3.13' ],
144 silly audit   '@jridgewell/remapping': [ '2.3.5' ],
144 silly audit   '@jridgewell/resolve-uri': [ '3.1.2' ],
144 silly audit   '@jridgewell/sourcemap-codec': [ '1.5.5' ],
144 silly audit   '@jridgewell/trace-mapping': [ '0.3.31' ],
144 silly audit   '@mongodb-js/saslprep': [ '1.4.10' ],
144 silly audit   '@noble/hashes': [ '1.8.0' ],
144 silly audit   '@paralleldrive/cuid2': [ '2.3.1' ],
144 silly audit   '@rolldown/pluginutils': [ '1.0.0-beta.27' ],
144 silly audit   '@rollup/rollup-android-arm-eabi': [ '4.60.2' ],
144 silly audit   '@rollup/rollup-android-arm64': [ '4.60.2' ],
144 silly audit   '@rollup/rollup-darwin-arm64': [ '4.60.2' ],
144 silly audit   '@rollup/rollup-darwin-x64': [ '4.60.2' ],
144 silly audit   '@rollup/rollup-freebsd-arm64': [ '4.60.2' ],
144 silly audit   '@rollup/rollup-freebsd-x64': [ '4.60.2' ],
144 silly audit   '@rollup/rollup-linux-arm-gnueabihf': [ '4.60.2' ],
144 silly audit   '@rollup/rollup-linux-arm-musleabihf': [ '4.60.2' ],
144 silly audit   '@rollup/rollup-linux-arm64-gnu': [ '4.60.2' ],
144 silly audit   '@rollup/rollup-linux-arm64-musl': [ '4.60.2' ],
144 silly audit   '@rollup/rollup-linux-loong64-gnu': [ '4.60.2' ],
144 silly audit   '@rollup/rollup-linux-loong64-musl': [ '4.60.2' ],
144 silly audit   '@rollup/rollup-linux-ppc64-gnu': [ '4.60.2' ],
144 silly audit   '@rollup/rollup-linux-ppc64-musl': [ '4.60.2' ],
144 silly audit   '@rollup/rollup-linux-riscv64-gnu': [ '4.60.2' ],
144 silly audit   '@rollup/rollup-linux-riscv64-musl': [ '4.60.2' ],
144 silly audit   '@rollup/rollup-linux-s390x-gnu': [ '4.60.2' ],
144 silly audit   '@rollup/rollup-linux-x64-gnu': [ '4.60.2' ],
144 silly audit   '@rollup/rollup-linux-x64-musl': [ '4.60.2' ],
144 silly audit   '@rollup/rollup-openbsd-x64': [ '4.60.2' ],
144 silly audit   '@rollup/rollup-openharmony-arm64': [ '4.60.2' ],
144 silly audit   '@rollup/rollup-win32-arm64-msvc': [ '4.60.2' ],
144 silly audit   '@rollup/rollup-win32-ia32-msvc': [ '4.60.2' ],
144 silly audit   '@rollup/rollup-win32-x64-gnu': [ '4.60.2' ],
144 silly audit   '@rollup/rollup-win32-x64-msvc': [ '4.60.2' ],
144 silly audit   '@socket.io/component-emitter': [ '3.1.2' ],
144 silly audit   '@tailwindcss/node': [ '4.2.4' ],
144 silly audit   '@tailwindcss/oxide': [ '4.2.4' ],
144 silly audit   '@tailwindcss/oxide-android-arm64': [ '4.2.4' ],
144 silly audit   '@tailwindcss/oxide-darwin-arm64': [ '4.2.4' ],
144 silly audit   '@tailwindcss/oxide-darwin-x64': [ '4.2.4' ],
144 silly audit   '@tailwindcss/oxide-freebsd-x64': [ '4.2.4' ],
144 silly audit   '@tailwindcss/oxide-linux-arm-gnueabihf': [ '4.2.4' ],
144 silly audit   '@tailwindcss/oxide-linux-arm64-gnu': [ '4.2.4' ],
144 silly audit   '@tailwindcss/oxide-linux-arm64-musl': [ '4.2.4' ],
144 silly audit   '@tailwindcss/oxide-linux-x64-gnu': [ '4.2.4' ],
144 silly audit   '@tailwindcss/oxide-linux-x64-musl': [ '4.2.4' ],
144 silly audit   '@tailwindcss/oxide-wasm32-wasi': [ '4.2.4' ],
144 silly audit   '@tailwindcss/oxide-win32-arm64-msvc': [ '4.2.4' ],
144 silly audit   '@tailwindcss/oxide-win32-x64-msvc': [ '4.2.4' ],
144 silly audit   '@tailwindcss/vite': [ '4.2.4' ],
144 silly audit   '@types/babel__core': [ '7.20.5' ],
144 silly audit   '@types/babel__generator': [ '7.27.0' ],
144 silly audit   '@types/babel__template': [ '7.4.4' ],
144 silly audit   '@types/babel__traverse': [ '7.28.0' ],
144 silly audit   '@types/bcryptjs': [ '2.4.6' ],
144 silly audit   '@types/body-parser': [ '1.19.6' ],
144 silly audit   '@types/connect': [ '3.4.38' ],
144 silly audit   '@types/cors': [ '2.8.19' ],
144 silly audit   '@types/estree': [ '1.0.8' ],
144 silly audit   '@types/express': [ '5.0.6' ],
144 silly audit   '@types/express-serve-static-core': [ '5.1.1' ],
144 silly audit   '@types/http-errors': [ '2.0.5' ],
144 silly audit   '@types/jsonwebtoken': [ '9.0.10' ],
144 silly audit   '@types/morgan': [ '1.9.10' ],
144 silly audit   '@types/ms': [ '2.1.0' ],
144 silly audit   '@types/node': [ '22.19.17' ],
144 silly audit   '@types/qs': [ '6.15.0' ],
144 silly audit   '@types/range-parser': [ '1.2.7' ],
144 silly audit   '@types/react': [ '19.2.14' ],
144 silly audit   '@types/react-dom': [ '19.2.3' ],
144 silly audit   '@types/send': [ '1.2.1' ],
144 silly audit   '@types/serve-static': [ '2.2.0' ],
144 silly audit   '@types/webidl-conversions': [ '7.0.3' ],
144 silly audit   '@types/whatwg-url': [ '11.0.5' ],
144 silly audit   '@types/ws': [ '8.18.1' ],
144 silly audit   '@vitejs/plugin-react': [ '4.7.0' ],
144 silly audit   '@vitest/expect': [ '2.1.9' ],
144 silly audit   '@vitest/pretty-format': [ '2.1.9' ],
144 silly audit   '@vitest/runner': [ '2.1.9' ],
144 silly audit   '@vitest/snapshot': [ '2.1.9' ],
144 silly audit   '@vitest/spy': [ '2.1.9' ],
144 silly audit   '@vitest/utils': [ '2.1.9' ],
144 silly audit   accepts: [ '2.0.0', '1.3.8' ],
144 silly audit   asap: [ '2.0.6' ],
144 silly audit   'assertion-error': [ '2.0.1' ],
144 silly audit   asynckit: [ '0.4.0' ],
144 silly audit   axios: [ '1.16.0' ],
144 silly audit   base64id: [ '2.0.0' ],
144 silly audit   'baseline-browser-mapping': [ '2.10.25' ],
144 silly audit   'basic-auth': [ '2.0.1' ],
144 silly audit   'safe-buffer': [ '5.1.2', '5.2.1' ],
144 silly audit   bcryptjs: [ '2.4.3' ],
144 silly audit   'body-parser': [ '2.2.2' ],
144 silly audit   browserslist: [ '4.28.2' ],
144 silly audit   bson: [ '6.10.4' ],
144 silly audit   'buffer-equal-constant-time': [ '1.0.1' ],
144 silly audit   bytes: [ '3.1.2' ],
144 silly audit   cac: [ '6.7.14' ],
144 silly audit   'call-bind-apply-helpers': [ '1.0.2' ],
144 silly audit   'call-bound': [ '1.0.4' ],
144 silly audit   'caniuse-lite': [ '1.0.30001791' ],
144 silly audit   chai: [ '5.3.3' ],
144 silly audit   'check-error': [ '2.1.3' ],
144 silly audit   'cluster-key-slot': [ '1.1.2' ],
144 silly audit   'combined-stream': [ '1.0.8' ],
144 silly audit   'component-emitter': [ '1.3.1' ],
144 silly audit   'content-disposition': [ '1.1.0' ],
144 silly audit   'content-type': [ '1.0.5' ],
144 silly audit   'convert-source-map': [ '2.0.0' ],
144 silly audit   cookie: [ '0.7.2', '1.1.1' ],
144 silly audit   'cookie-signature': [ '1.2.2' ],
144 silly audit   cookiejar: [ '2.1.4' ],
144 silly audit   cors: [ '2.8.6' ],
144 silly audit   csstype: [ '3.2.3' ],
144 silly audit   debug: [ '4.4.3', '2.6.9' ],
144 silly audit   'deep-eql': [ '5.0.2' ],
144 silly audit   'delayed-stream': [ '1.0.0' ],
144 silly audit   denque: [ '2.1.0' ],
144 silly audit   depd: [ '2.0.0' ],
144 silly audit   'detect-libc': [ '2.1.2' ],
144 silly audit   dezalgo: [ '1.0.4' ],
144 silly audit   dotenv: [ '16.6.1' ],
144 silly audit   'dunder-proto': [ '1.0.1' ],
144 silly audit   'ecdsa-sig-formatter': [ '1.0.11' ],
144 silly audit   'ee-first': [ '1.1.1' ],
144 silly audit   'electron-to-chromium': [ '1.5.349' ],
144 silly audit   encodeurl: [ '2.0.0' ],
144 silly audit   'engine.io': [ '6.6.7' ],
144 silly audit   'engine.io-client': [ '6.6.4' ],
144 silly audit   'engine.io-parser': [ '5.2.3' ],
144 silly audit   'mime-db': [ '1.52.0', '1.54.0' ],
144 silly audit   'mime-types': [ '2.1.35', '3.0.2' ],
144 silly audit   negotiator: [ '0.6.3', '1.0.0' ],
144 silly audit   'enhanced-resolve': [ '5.21.0' ],
144 silly audit   'es-define-property': [ '1.0.1' ],
144 silly audit   'es-errors': [ '1.3.0' ],
144 silly audit   'es-module-lexer': [ '1.7.0' ],
144 silly audit   'es-object-atoms': [ '1.1.1' ],
144 silly audit   'es-set-tostringtag': [ '2.1.0' ],
144 silly audit   esbuild: [ '0.27.7', '0.21.5', '0.25.12' ],
144 silly audit   escalade: [ '3.2.0' ],
144 silly audit   'escape-html': [ '1.0.3' ],
144 silly audit   'estree-walker': [ '3.0.3' ],
144 silly audit   etag: [ '1.8.1' ],
144 silly audit   'expect-type': [ '1.3.0' ],
144 silly audit   express: [ '5.2.1' ],
144 silly audit   'fast-safe-stringify': [ '2.1.1' ],
144 silly audit   fdir: [ '6.5.0' ],
144 silly audit   finalhandler: [ '2.1.1' ],
144 silly audit   'follow-redirects': [ '1.16.0' ],
144 silly audit   'form-data': [ '4.0.5' ],
144 silly audit   formidable: [ '3.5.4' ],
144 silly audit   forwarded: [ '0.2.0' ],
144 silly audit   fresh: [ '2.0.0' ],
144 silly audit   fsevents: [ '2.3.3' ],
144 silly audit   'function-bind': [ '1.1.2' ],
144 silly audit   gensync: [ '1.0.0-beta.2' ],
144 silly audit   'get-intrinsic': [ '1.3.0' ],
144 silly audit   'get-proto': [ '1.0.1' ],
144 silly audit   'get-tsconfig': [ '4.14.0' ],
144 silly audit   gopd: [ '1.2.0' ],
144 silly audit   'graceful-fs': [ '4.2.11' ],
144 silly audit   'has-symbols': [ '1.1.0' ],
144 silly audit   'has-tostringtag': [ '1.0.2' ],
144 silly audit   hasown: [ '2.0.3' ],
144 silly audit   helmet: [ '8.1.0' ],
144 silly audit   'http-errors': [ '2.0.1' ],
144 silly audit   'iconv-lite': [ '0.7.2' ],
144 silly audit   inherits: [ '2.0.4' ],
144 silly audit   ioredis: [ '5.10.1' ],
144 silly audit   'ipaddr.js': [ '1.9.1' ],
144 silly audit   'is-promise': [ '4.0.0' ],
144 silly audit   jiti: [ '2.6.1' ],
144 silly audit   'js-tokens': [ '4.0.0' ],
144 silly audit   jsesc: [ '3.1.0' ],
144 silly audit   json5: [ '2.2.3' ],
144 silly audit   jsonwebtoken: [ '9.0.3' ],
144 silly audit   semver: [ '7.7.4', '6.3.1' ],
144 silly audit   jwa: [ '2.0.1' ],
144 silly audit   jws: [ '4.0.1' ],
144 silly audit   kareem: [ '2.6.3' ],
144 silly audit   lightningcss: [ '1.32.0' ],
144 silly audit   'lightningcss-android-arm64': [ '1.32.0' ],
144 silly audit   'lightningcss-darwin-arm64': [ '1.32.0' ],
144 silly audit   'lightningcss-darwin-x64': [ '1.32.0' ],
144 silly audit   'lightningcss-freebsd-x64': [ '1.32.0' ],
144 silly audit   'lightningcss-linux-arm-gnueabihf': [ '1.32.0' ],
144 silly audit   'lightningcss-linux-arm64-gnu': [ '1.32.0' ],
144 silly audit   'lightningcss-linux-arm64-musl': [ '1.32.0' ],
144 silly audit   'lightningcss-linux-x64-gnu': [ '1.32.0' ],
144 silly audit   'lightningcss-linux-x64-musl': [ '1.32.0' ],
144 silly audit   'lightningcss-win32-arm64-msvc': [ '1.32.0' ],
144 silly audit   'lightningcss-win32-x64-msvc': [ '1.32.0' ],
144 silly audit   'lodash.defaults': [ '4.2.0' ],
144 silly audit   'lodash.includes': [ '4.3.0' ],
144 silly audit   'lodash.isarguments': [ '3.1.0' ],
144 silly audit   'lodash.isboolean': [ '3.0.3' ],
144 silly audit   'lodash.isinteger': [ '4.0.4' ],
144 silly audit   'lodash.isnumber': [ '3.0.3' ],
144 silly audit   'lodash.isplainobject': [ '4.0.6' ],
144 silly audit   'lodash.isstring': [ '4.0.1' ],
144 silly audit   'lodash.once': [ '4.1.1' ],
144 silly audit   loupe: [ '3.2.1' ],
144 silly audit   'lru-cache': [ '5.1.1' ],
144 silly audit   'magic-string': [ '0.30.21' ],
144 silly audit   'math-intrinsics': [ '1.1.0' ],
144 silly audit   'media-typer': [ '1.1.0' ],
144 silly audit   'memory-pager': [ '1.5.0' ],
144 silly audit   'merge-descriptors': [ '2.0.0' ],
144 silly audit   methods: [ '1.1.2' ],
144 silly audit   mime: [ '2.6.0' ],
144 silly audit   mongodb: [ '6.20.0' ],
144 silly audit   'mongodb-connection-string-url': [ '3.0.2' ],
144 silly audit   mongoose: [ '8.23.1' ],
144 silly audit   morgan: [ '1.10.1' ],
144 silly audit   ms: [ '2.0.0', '2.1.3' ],
144 silly audit   'on-finished': [ '2.3.0', '2.4.1' ],
144 silly audit   mpath: [ '0.9.0' ],
144 silly audit   mquery: [ '5.0.0' ],
144 silly audit   nanoid: [ '3.3.12' ],
144 silly audit   'node-releases': [ '2.0.38' ],
144 silly audit   'object-assign': [ '4.1.1' ],
144 silly audit   'object-inspect': [ '1.13.4' ],
144 silly audit   'on-headers': [ '1.1.0' ],
144 silly audit   once: [ '1.4.0' ],
144 silly audit   parseurl: [ '1.3.3' ],
144 silly audit   'path-to-regexp': [ '8.4.2' ],
144 silly audit   pathe: [ '1.1.2' ],
144 silly audit   pathval: [ '2.0.1' ],
144 silly audit   picocolors: [ '1.1.1' ],
144 silly audit   picomatch: [ '4.0.4' ],
144 silly audit   postcss: [ '8.5.13' ],
144 silly audit   'proxy-addr': [ '2.0.7' ],
144 silly audit   'proxy-from-env': [ '2.1.0' ],
144 silly audit   punycode: [ '2.3.1' ],
144 silly audit   qs: [ '6.15.1' ],
144 silly audit   'range-parser': [ '1.2.1' ],
144 silly audit   'raw-body': [ '3.0.2' ],
144 silly audit   react: [ '19.2.5' ],
144 silly audit   'react-dom': [ '19.2.5' ],
144 silly audit   'react-refresh': [ '0.17.0' ],
144 silly audit   'react-router': [ '7.14.2' ],
144 silly audit   'react-router-dom': [ '7.14.2' ],
144 silly audit   'redis-errors': [ '1.2.0' ],
144 silly audit   'redis-parser': [ '3.0.0' ],
144 silly audit   'resolve-pkg-maps': [ '1.0.0' ],
144 silly audit   rollup: [ '4.60.2' ],
144 silly audit   router: [ '2.2.0' ],
144 silly audit   'safer-buffer': [ '2.1.2' ],
144 silly audit   scheduler: [ '0.27.0' ],
144 silly audit   send: [ '1.2.1' ],
144 silly audit   'serve-static': [ '2.2.1' ],
144 silly audit   'set-cookie-parser': [ '2.7.2' ],
144 silly audit   setprototypeof: [ '1.2.0' ],
144 silly audit   'side-channel': [ '1.1.0' ],
144 silly audit   'side-channel-list': [ '1.0.1' ],
144 silly audit   'side-channel-map': [ '1.0.1' ],
144 silly audit   'side-channel-weakmap': [ '1.0.2' ],
144 silly audit   sift: [ '17.1.3' ],
144 silly audit   siginfo: [ '2.0.0' ],
144 silly audit   'socket.io': [ '4.8.3' ],
144 silly audit   'socket.io-adapter': [ '2.5.6' ],
144 silly audit   'socket.io-client': [ '4.8.3' ],
144 silly audit   'socket.io-parser': [ '4.2.6' ],
144 silly audit   'source-map-js': [ '1.2.1' ],
144 silly audit   'sparse-bitfield': [ '3.0.3' ],
144 silly audit   stackback: [ '0.0.2' ],
144 silly audit   'standard-as-callback': [ '2.1.0' ],
144 silly audit   statuses: [ '2.0.2' ],
144 silly audit   'std-env': [ '3.10.0' ],
144 silly audit   superagent: [ '10.3.0' ],
144 silly audit   supertest: [ '7.2.2' ],
144 silly audit   tailwindcss: [ '4.2.4' ],
144 silly audit   tapable: [ '2.3.3' ],
144 silly audit   tinybench: [ '2.9.0' ],
144 silly audit   tinyexec: [ '0.3.2' ],
144 silly audit   tinyglobby: [ '0.2.16' ],
144 silly audit   tinypool: [ '1.1.1' ],
144 silly audit   tinyrainbow: [ '1.2.0' ],
144 silly audit   tinyspy: [ '3.0.2' ],
144 silly audit   toidentifier: [ '1.0.1' ],
144 silly audit   tr46: [ '5.1.1' ],
144 silly audit   tsx: [ '4.21.0' ],
144 silly audit   'type-is': [ '2.0.1' ],
144 silly audit   typescript: [ '5.9.3' ],
144 silly audit   'undici-types': [ '6.21.0' ],
144 silly audit   unpipe: [ '1.0.0' ],
144 silly audit   'update-browserslist-db': [ '1.2.3' ],
144 silly audit   vary: [ '1.1.2' ],
144 silly audit   vite: [ '6.4.2', '5.4.21' ],
144 silly audit   'vite-node': [ '2.1.9' ],
144 silly audit   vitest: [ '2.1.9' ],
144 silly audit   '@vitest/mocker': [ '2.1.9' ],
144 silly audit   'webidl-conversions': [ '7.0.0' ],
144 silly audit   'whatwg-url': [ '14.2.0' ],
144 silly audit   'why-is-node-running': [ '2.3.0' ],
144 silly audit   wrappy: [ '1.0.2' ],
144 silly audit   ws: [ '8.18.3' ],
144 silly audit   'xmlhttprequest-ssl': [ '2.1.2' ],
144 silly audit   yallist: [ '3.1.1' ],
144 silly audit   zod: [ '3.25.76' ],
144 silly audit   concurrently: [ '9.2.1' ],
144 silly audit   chalk: [ '4.1.2' ],
144 silly audit   rxjs: [ '7.8.2' ],
144 silly audit   'shell-quote': [ '1.8.3' ],
144 silly audit   'supports-color': [ '8.1.1', '7.2.0' ],
144 silly audit   'tree-kill': [ '1.2.2' ],
144 silly audit   yargs: [ '17.7.2' ],
144 silly audit   'ansi-styles': [ '4.3.0' ],
144 silly audit   'color-convert': [ '2.0.1' ],
144 silly audit   'color-name': [ '1.1.4' ],
144 silly audit   tslib: [ '2.8.1' ],
144 silly audit   'has-flag': [ '4.0.0' ],
144 silly audit   cliui: [ '8.0.1' ],
144 silly audit   'get-caller-file': [ '2.0.5' ],
144 silly audit   'require-directory': [ '2.1.1' ],
144 silly audit   'string-width': [ '4.2.3' ],
144 silly audit   y18n: [ '5.0.8' ],
144 silly audit   'yargs-parser': [ '21.1.1' ],
144 silly audit   'strip-ansi': [ '6.0.1' ],
144 silly audit   'wrap-ansi': [ '7.0.0' ],
144 silly audit   'emoji-regex': [ '8.0.0' ],
144 silly audit   'is-fullwidth-code-point': [ '3.0.0' ],
144 silly audit   'ansi-regex': [ '5.0.1' ]
144 silly audit }
145 http cache wrap-ansi@http://registry.npmjs.org/wrap-ansi/-/wrap-ansi-7.0.0.tgz 0ms (cache hit)
146 http cache ansi-regex@http://registry.npmjs.org/ansi-regex/-/ansi-regex-5.0.1.tgz 0ms (cache hit)
147 http cache is-fullwidth-code-point@http://registry.npmjs.org/is-fullwidth-code-point/-/is-fullwidth-code-point-3.0.0.tgz 0ms (cache hit)
148 http cache emoji-regex@http://registry.npmjs.org/emoji-regex/-/emoji-regex-8.0.0.tgz 0ms (cache hit)
149 http cache y18n@http://registry.npmjs.org/y18n/-/y18n-5.0.8.tgz 0ms (cache hit)
150 http cache string-width@http://registry.npmjs.org/string-width/-/string-width-4.2.3.tgz 0ms (cache hit)
151 http cache strip-ansi@http://registry.npmjs.org/strip-ansi/-/strip-ansi-6.0.1.tgz 0ms (cache hit)
152 http cache require-directory@http://registry.npmjs.org/require-directory/-/require-directory-2.1.1.tgz 0ms (cache hit)
153 http cache get-caller-file@http://registry.npmjs.org/get-caller-file/-/get-caller-file-2.0.5.tgz 0ms (cache hit)
154 http cache yargs-parser@http://registry.npmjs.org/yargs-parser/-/yargs-parser-21.1.1.tgz 0ms (cache hit)
155 http cache tslib@http://registry.npmjs.org/tslib/-/tslib-2.8.1.tgz 0ms (cache hit)
156 http cache color-name@http://registry.npmjs.org/color-name/-/color-name-1.1.4.tgz 0ms (cache hit)
157 http cache cliui@http://registry.npmjs.org/cliui/-/cliui-8.0.1.tgz 0ms (cache hit)
158 http cache color-convert@http://registry.npmjs.org/color-convert/-/color-convert-2.0.1.tgz 0ms (cache hit)
159 http cache ansi-styles@http://registry.npmjs.org/ansi-styles/-/ansi-styles-4.3.0.tgz 0ms (cache hit)
160 http cache has-flag@http://registry.npmjs.org/has-flag/-/has-flag-4.0.0.tgz 0ms (cache hit)
161 http cache tree-kill@http://registry.npmjs.org/tree-kill/-/tree-kill-1.2.2.tgz 0ms (cache hit)
162 http cache supports-color@http://registry.npmjs.org/supports-color/-/supports-color-8.1.1.tgz 0ms (cache hit)
163 http cache rxjs@http://registry.npmjs.org/rxjs/-/rxjs-7.8.2.tgz 0ms (cache hit)
164 http cache shell-quote@http://registry.npmjs.org/shell-quote/-/shell-quote-1.8.3.tgz 0ms (cache hit)
165 http cache supports-color@http://registry.npmjs.org/supports-color/-/supports-color-7.2.0.tgz 0ms (cache hit)
166 http cache yargs@http://registry.npmjs.org/yargs/-/yargs-17.7.2.tgz 0ms (cache hit)
167 silly tarball no local data for wrap-ansi@http://registry.npmjs.org/wrap-ansi/-/wrap-ansi-7.0.0.tgz. Extracting by manifest.
168 silly tarball no local data for ansi-regex@http://registry.npmjs.org/ansi-regex/-/ansi-regex-5.0.1.tgz. Extracting by manifest.
169 http cache concurrently@http://registry.npmjs.org/concurrently/-/concurrently-9.2.1.tgz 0ms (cache hit)
170 silly tarball no local data for is-fullwidth-code-point@http://registry.npmjs.org/is-fullwidth-code-point/-/is-fullwidth-code-point-3.0.0.tgz. Extracting by manifest.
171 silly tarball no local data for emoji-regex@http://registry.npmjs.org/emoji-regex/-/emoji-regex-8.0.0.tgz. Extracting by manifest.
172 silly tarball no local data for y18n@http://registry.npmjs.org/y18n/-/y18n-5.0.8.tgz. Extracting by manifest.
173 silly tarball no local data for string-width@http://registry.npmjs.org/string-width/-/string-width-4.2.3.tgz. Extracting by manifest.
174 silly tarball no local data for strip-ansi@http://registry.npmjs.org/strip-ansi/-/strip-ansi-6.0.1.tgz. Extracting by manifest.
175 silly tarball no local data for require-directory@http://registry.npmjs.org/require-directory/-/require-directory-2.1.1.tgz. Extracting by manifest.
176 silly tarball no local data for get-caller-file@http://registry.npmjs.org/get-caller-file/-/get-caller-file-2.0.5.tgz. Extracting by manifest.
177 http cache chalk@http://registry.npmjs.org/chalk/-/chalk-4.1.2.tgz 0ms (cache hit)
178 silly tarball no local data for yargs-parser@http://registry.npmjs.org/yargs-parser/-/yargs-parser-21.1.1.tgz. Extracting by manifest.
179 silly tarball no local data for tslib@http://registry.npmjs.org/tslib/-/tslib-2.8.1.tgz. Extracting by manifest.
180 silly tarball no local data for color-name@http://registry.npmjs.org/color-name/-/color-name-1.1.4.tgz. Extracting by manifest.
181 silly tarball no local data for cliui@http://registry.npmjs.org/cliui/-/cliui-8.0.1.tgz. Extracting by manifest.
182 silly tarball no local data for color-convert@http://registry.npmjs.org/color-convert/-/color-convert-2.0.1.tgz. Extracting by manifest.
183 silly tarball no local data for ansi-styles@http://registry.npmjs.org/ansi-styles/-/ansi-styles-4.3.0.tgz. Extracting by manifest.
184 silly tarball no local data for has-flag@http://registry.npmjs.org/has-flag/-/has-flag-4.0.0.tgz. Extracting by manifest.
185 silly tarball no local data for tree-kill@http://registry.npmjs.org/tree-kill/-/tree-kill-1.2.2.tgz. Extracting by manifest.
186 silly tarball no local data for supports-color@http://registry.npmjs.org/supports-color/-/supports-color-8.1.1.tgz. Extracting by manifest.
187 silly tarball no local data for rxjs@http://registry.npmjs.org/rxjs/-/rxjs-7.8.2.tgz. Extracting by manifest.
188 silly tarball no local data for shell-quote@http://registry.npmjs.org/shell-quote/-/shell-quote-1.8.3.tgz. Extracting by manifest.
189 silly tarball no local data for supports-color@http://registry.npmjs.org/supports-color/-/supports-color-7.2.0.tgz. Extracting by manifest.
190 silly tarball no local data for yargs@http://registry.npmjs.org/yargs/-/yargs-17.7.2.tgz. Extracting by manifest.
191 silly tarball no local data for concurrently@http://registry.npmjs.org/concurrently/-/concurrently-9.2.1.tgz. Extracting by manifest.
192 silly tarball no local data for chalk@http://registry.npmjs.org/chalk/-/chalk-4.1.2.tgz. Extracting by manifest.
193 notice Beginning October 4, 2021, all connections to the npm registry - including for package installation - must use TLS 1.2 or higher. You are currently using plaintext http to connect. Please visit the GitHub blog for more information: https://github.blog/2021-08-23-npm-registry-deprecating-tls-1-0-tls-1-1/
194 http fetch POST 426 http://registry.npmjs.org/-/npm/v1/security/advisories/bulk 60ms
195 verbose audit error HttpErrorGeneral: 426 Upgrade Required - POST http://registry.npmjs.org/-/npm/v1/security/advisories/bulk
195 verbose audit error     at C:\Program Files\nodejs\node_modules\npm\node_modules\npm-registry-fetch\lib\check-response.js:103:15
195 verbose audit error     at process.processTicksAndRejections (node:internal/process/task_queues:104:5)
195 verbose audit error     at async #getReport (C:\Program Files\nodejs\node_modules\npm\node_modules\@npmcli\arborist\lib\audit-report.js:275:19)
195 verbose audit error     at async AuditReport.run (C:\Program Files\nodejs\node_modules\npm\node_modules\@npmcli\arborist\lib\audit-report.js:100:19) {
195 verbose audit error   headers: [Object: null prototype] {
195 verbose audit error     date: [ 'Sat, 02 May 2026 16:01:20 GMT' ],
195 verbose audit error     'content-type': [ 'text/plain' ],
195 verbose audit error     'content-length': [ '271' ],
195 verbose audit error     connection: [ 'keep-alive' ],
195 verbose audit error     'npm-notice': [
195 verbose audit error       'Beginning October 4, 2021, all connections to the npm registry - including for package installation - must use TLS 1.2 or higher. You are currently using plaintext http to connect. Please visit the GitHub blog for more information: https://github.blog/2021-08-23-npm-registry-deprecating-tls-1-0-tls-1-1/'
195 verbose audit error     ],
195 verbose audit error     server: [ 'cloudflare' ],
195 verbose audit error     'cf-ray': [ '9f583e76de857f89-MAA' ],
195 verbose audit error     'x-fetch-attempts': [ '1' ]
195 verbose audit error   },
195 verbose audit error   statusCode: 426,
195 verbose audit error   code: 'E426',
195 verbose audit error   method: 'POST',
195 verbose audit error   uri: 'http://registry.npmjs.org/-/npm/v1/security/advisories/bulk',
195 verbose audit error   body: <Buffer 42 65 67 69 6e 6e 69 6e 67 20 4f 63 74 6f 62 65 72 20 34 2c 20 32 30 32 31 2c 20 61 6c 6c 20 63 6f 6e 6e 65 63 74 69 6f 6e 73 20 74 6f 20 6e 70 6d 20 ... 221 more bytes>,
195 verbose audit error   pkgid: undefined
195 verbose audit error }
196 silly audit error Beginning October 4, 2021, all connections to npm websites and the npm registry - including for package installation - must use HTTPS and TLS 1.2 or higher.
196 silly audit error
196 silly audit error For more information see this blog post: https://github.blog/2021-08-23-npm-registry-deprecating-tls-1-0-tls-1-1/
197 silly audit report null
198 http fetch GET 200 https://registry.npmjs.org/wrap-ansi/-/wrap-ansi-7.0.0.tgz 131ms (cache miss)
199 http fetch GET 200 https://registry.npmjs.org/ansi-regex/-/ansi-regex-5.0.1.tgz 133ms (cache miss)
200 http fetch GET 200 https://registry.npmjs.org/is-fullwidth-code-point/-/is-fullwidth-code-point-3.0.0.tgz 147ms (cache miss)
201 http fetch GET 200 https://registry.npmjs.org/string-width/-/string-width-4.2.3.tgz 147ms (cache miss)
202 http fetch GET 200 https://registry.npmjs.org/emoji-regex/-/emoji-regex-8.0.0.tgz 152ms (cache miss)
203 http fetch GET 200 https://registry.npmjs.org/y18n/-/y18n-5.0.8.tgz 153ms (cache miss)
204 http fetch GET 200 https://registry.npmjs.org/tree-kill/-/tree-kill-1.2.2.tgz 196ms (cache miss)
205 http fetch GET 200 https://registry.npmjs.org/yargs-parser/-/yargs-parser-21.1.1.tgz 209ms (cache miss)
206 http fetch GET 200 https://registry.npmjs.org/tslib/-/tslib-2.8.1.tgz 213ms (cache miss)
207 http fetch GET 200 https://registry.npmjs.org/shell-quote/-/shell-quote-1.8.3.tgz 215ms (cache miss)
208 http fetch GET 200 https://registry.npmjs.org/supports-color/-/supports-color-7.2.0.tgz 262ms (cache miss)
209 http fetch GET 200 https://registry.npmjs.org/chalk/-/chalk-4.1.2.tgz 266ms (cache miss)
210 http fetch GET 200 https://registry.npmjs.org/yargs/-/yargs-17.7.2.tgz 294ms (cache miss)
211 http fetch GET 200 https://registry.npmjs.org/strip-ansi/-/strip-ansi-6.0.1.tgz 371ms (cache miss)
212 http fetch GET 200 https://registry.npmjs.org/has-flag/-/has-flag-4.0.0.tgz 369ms (cache miss)
213 http fetch GET 200 https://registry.npmjs.org/ansi-styles/-/ansi-styles-4.3.0.tgz 372ms (cache miss)
214 http fetch GET 200 https://registry.npmjs.org/cliui/-/cliui-8.0.1.tgz 376ms (cache miss)
215 http fetch GET 200 https://registry.npmjs.org/require-directory/-/require-directory-2.1.1.tgz 396ms (cache miss)
216 http fetch GET 200 https://registry.npmjs.org/supports-color/-/supports-color-8.1.1.tgz 446ms (cache miss)
217 http fetch GET 200 https://registry.npmjs.org/color-name/-/color-name-1.1.4.tgz 448ms (cache miss)
218 http fetch GET 200 https://registry.npmjs.org/get-caller-file/-/get-caller-file-2.0.5.tgz 450ms (cache miss)
219 http fetch GET 200 https://registry.npmjs.org/color-convert/-/color-convert-2.0.1.tgz 451ms (cache miss)
220 http fetch GET 200 https://registry.npmjs.org/concurrently/-/concurrently-9.2.1.tgz 515ms (cache miss)
221 http fetch GET 200 https://registry.npmjs.org/rxjs/-/rxjs-7.8.2.tgz 2189ms (cache miss)
222 silly ADD node_modules/ansi-regex
223 silly ADD node_modules/is-fullwidth-code-point
224 silly ADD node_modules/emoji-regex
225 silly ADD node_modules/wrap-ansi
226 silly ADD node_modules/strip-ansi
227 silly ADD node_modules/yargs-parser
228 silly ADD node_modules/y18n
229 silly ADD node_modules/string-width
230 silly ADD node_modules/require-directory
231 silly ADD node_modules/get-caller-file
232 silly ADD node_modules/cliui
233 silly ADD node_modules/has-flag
234 silly ADD node_modules/tslib
235 silly ADD node_modules/color-name
236 silly ADD node_modules/color-convert
237 silly ADD node_modules/ansi-styles
238 silly ADD node_modules/yargs
239 silly ADD node_modules/tree-kill
240 silly ADD node_modules/supports-color
241 silly ADD node_modules/shell-quote
242 silly ADD node_modules/rxjs
243 silly ADD node_modules/chalk
244 silly ADD node_modules/chalk/node_modules/supports-color
245 silly ADD node_modules/concurrently
246 verbose cwd D:\CoreCart
247 verbose os Windows_NT 10.0.26200
248 verbose node v25.9.0
249 verbose npm  v11.12.1
250 verbose exit 0
251 info ok
